2024-09-24 00:00:02,592 - INFO - Starting to fetch all job postings.
2024-09-24 00:00:02,592 - INFO - Fetching job details for Abbvie.
2024-09-24 00:00:03,571 - INFO - Fetched 3 jobs for Abbvie.
2024-09-24 00:00:03,572 - INFO - Fetching job details for Amgen.
2024-09-24 00:00:04,537 - INFO - Fetched 13 jobs for Amgen.
2024-09-24 00:00:04,538 - INFO - Fetching job details for APC.
2024-09-24 00:00:04,753 - INFO - Fetched 5 jobs for APC.
2024-09-24 00:00:04,755 - INFO - Fetching job details for Astellas.
2024-09-24 00:00:10,043 - INFO - Fetched 21 jobs for Astellas.
2024-09-24 00:00:10,045 - INFO - Fetching job details for Astrazeneca.
2024-09-24 00:00:12,117 - INFO - Fetched 21 jobs for Astrazeneca.
2024-09-24 00:00:12,118 - INFO - Fetching job details for Takeda.
2024-09-24 00:00:12,482 - INFO - Fetched 5 jobs for Takeda.
2024-09-24 00:00:12,484 - INFO - Fetching job details for Vle.
2024-09-24 00:00:12,725 - INFO - Fetched 2 jobs for Vle.
2024-09-24 00:00:12,727 - INFO - Completed fetching all job postings.
2024-09-24 00:00:12,734 - INFO - No new job postings found.
2024-09-24 00:00:12,737 - INFO - Job data updated successfully.
2024-09-24 01:00:02,769 - INFO - Starting to fetch all job postings.
2024-09-24 01:00:02,770 - INFO - Fetching job details for Abbvie.
2024-09-24 01:00:03,667 - INFO - Fetched 3 jobs for Abbvie.
2024-09-24 01:00:03,669 - INFO - Fetching job details for Amgen.
2024-09-24 01:00:04,584 - INFO - Fetched 13 jobs for Amgen.
2024-09-24 01:00:04,586 - INFO - Fetching job details for APC.
2024-09-24 01:00:04,837 - INFO - Fetched 5 jobs for APC.
2024-09-24 01:00:04,838 - INFO - Fetching job details for Astellas.
2024-09-24 01:00:10,391 - INFO - Fetched 21 jobs for Astellas.
2024-09-24 01:00:10,392 - INFO - Fetching job details for Astrazeneca.
2024-09-24 01:00:12,608 - INFO - Fetched 21 jobs for Astrazeneca.
2024-09-24 01:00:12,610 - INFO - Fetching job details for Takeda.
2024-09-24 01:00:12,906 - INFO - Fetched 5 jobs for Takeda.
2024-09-24 01:00:12,908 - INFO - Fetching job details for Vle.
2024-09-24 01:00:13,173 - INFO - Fetched 2 jobs for Vle.
2024-09-24 01:00:13,175 - INFO - Completed fetching all job postings.
2024-09-24 01:00:13,182 - INFO - No new job postings found.
2024-09-24 01:00:13,184 - INFO - Job data updated successfully.
2024-09-24 02:00:02,296 - INFO - Starting to fetch all job postings.
2024-09-24 02:00:02,297 - INFO - Fetching job details for Abbvie.
2024-09-24 02:00:03,172 - INFO - Fetched 3 jobs for Abbvie.
2024-09-24 02:00:03,174 - INFO - Fetching job details for Amgen.
2024-09-24 02:00:04,374 - INFO - Fetched 13 jobs for Amgen.
2024-09-24 02:00:04,375 - INFO - Fetching job details for APC.
2024-09-24 02:00:04,585 - INFO - Fetched 5 jobs for APC.
2024-09-24 02:00:04,586 - INFO - Fetching job details for Astellas.
2024-09-24 02:00:09,868 - INFO - Fetched 21 jobs for Astellas.
2024-09-24 02:00:09,870 - INFO - Fetching job details for Astrazeneca.
2024-09-24 02:00:12,180 - INFO - Fetched 21 jobs for Astrazeneca.
2024-09-24 02:00:12,182 - INFO - Fetching job details for Takeda.
2024-09-24 02:00:12,472 - INFO - Fetched 5 jobs for Takeda.
2024-09-24 02:00:12,473 - INFO - Fetching job details for Vle.
2024-09-24 02:00:12,708 - INFO - Fetched 2 jobs for Vle.
2024-09-24 02:00:12,710 - INFO - Completed fetching all job postings.
2024-09-24 02:00:12,717 - INFO - No new job postings found.
2024-09-24 02:00:12,720 - INFO - Job data updated successfully.
2024-09-24 03:00:02,819 - INFO - Starting to fetch all job postings.
2024-09-24 03:00:02,820 - INFO - Fetching job details for Abbvie.
2024-09-24 03:00:03,742 - INFO - Fetched 3 jobs for Abbvie.
2024-09-24 03:00:03,743 - INFO - Fetching job details for Amgen.
2024-09-24 03:00:04,726 - INFO - Fetched 13 jobs for Amgen.
2024-09-24 03:00:04,728 - INFO - Fetching job details for APC.
2024-09-24 03:00:04,945 - INFO - Fetched 5 jobs for APC.
2024-09-24 03:00:04,946 - INFO - Fetching job details for Astellas.
2024-09-24 03:00:10,632 - INFO - Fetched 21 jobs for Astellas.
2024-09-24 03:00:10,633 - INFO - Fetching job details for Astrazeneca.
2024-09-24 03:00:11,090 - INFO - Fetched 21 jobs for Astrazeneca.
2024-09-24 03:00:11,092 - INFO - Fetching job details for Takeda.
2024-09-24 03:00:11,383 - INFO - Fetched 5 jobs for Takeda.
2024-09-24 03:00:11,385 - INFO - Fetching job details for Vle.
2024-09-24 03:00:11,617 - INFO - Fetched 2 jobs for Vle.
2024-09-24 03:00:11,619 - INFO - Completed fetching all job postings.
2024-09-24 03:00:11,625 - INFO - No new job postings found.
2024-09-24 03:00:11,627 - INFO - Job data updated successfully.
2024-09-24 04:00:02,483 - INFO - Starting to fetch all job postings.
2024-09-24 04:00:02,483 - INFO - Fetching job details for Abbvie.
2024-09-24 04:00:03,509 - INFO - Fetched 3 jobs for Abbvie.
2024-09-24 04:00:03,511 - INFO - Fetching job details for Amgen.
2024-09-24 04:00:04,390 - INFO - Fetched 13 jobs for Amgen.
2024-09-24 04:00:04,392 - INFO - Fetching job details for APC.
2024-09-24 04:00:04,593 - INFO - Fetched 5 jobs for APC.
2024-09-24 04:00:04,594 - INFO - Fetching job details for Astellas.
2024-09-24 04:00:09,994 - INFO - Fetched 21 jobs for Astellas.
2024-09-24 04:00:09,995 - INFO - Fetching job details for Astrazeneca.
2024-09-24 04:00:10,470 - INFO - Fetched 21 jobs for Astrazeneca.
2024-09-24 04:00:10,471 - INFO - Fetching job details for Takeda.
2024-09-24 04:00:10,778 - INFO - Fetched 5 jobs for Takeda.
2024-09-24 04:00:10,779 - INFO - Fetching job details for Vle.
2024-09-24 04:00:11,143 - INFO - Fetched 2 jobs for Vle.
2024-09-24 04:00:11,145 - INFO - Completed fetching all job postings.
2024-09-24 04:00:11,152 - INFO - No new job postings found.
2024-09-24 04:00:11,154 - INFO - Job data updated successfully.
2024-09-24 05:00:02,542 - INFO - Starting to fetch all job postings.
2024-09-24 05:00:02,542 - INFO - Fetching job details for Abbvie.
2024-09-24 05:00:03,418 - INFO - Fetched 3 jobs for Abbvie.
2024-09-24 05:00:03,419 - INFO - Fetching job details for Amgen.
2024-09-24 05:00:05,951 - INFO - Fetched 13 jobs for Amgen.
2024-09-24 05:00:05,953 - INFO - Fetching job details for APC.
2024-09-24 05:00:06,158 - INFO - Fetched 5 jobs for APC.
2024-09-24 05:00:06,160 - INFO - Fetching job details for Astellas.
2024-09-24 05:00:11,388 - INFO - Fetched 21 jobs for Astellas.
2024-09-24 05:00:11,389 - INFO - Fetching job details for Astrazeneca.
2024-09-24 05:00:13,870 - INFO - Fetched 21 jobs for Astrazeneca.
2024-09-24 05:00:13,872 - INFO - Fetching job details for Takeda.
2024-09-24 05:00:14,960 - INFO - Fetched 5 jobs for Takeda.
2024-09-24 05:00:14,962 - INFO - Fetching job details for Vle.
2024-09-24 05:00:15,197 - INFO - Fetched 2 jobs for Vle.
2024-09-24 05:00:15,199 - INFO - Completed fetching all job postings.
2024-09-24 05:00:15,200 - INFO - No new job postings found.
2024-09-24 05:00:15,201 - INFO - Job data updated successfully.
2024-09-24 06:00:02,193 - INFO - Starting to fetch all job postings.
2024-09-24 06:00:02,194 - INFO - Fetching job details for Abbvie.
2024-09-24 06:00:03,194 - INFO - Fetched 3 jobs for Abbvie.
2024-09-24 06:00:03,196 - INFO - Fetching job details for Amgen.
2024-09-24 06:00:05,406 - INFO - Fetched 13 jobs for Amgen.
2024-09-24 06:00:05,407 - INFO - Fetching job details for APC.
2024-09-24 06:00:05,603 - INFO - Fetched 5 jobs for APC.
2024-09-24 06:00:05,604 - INFO - Fetching job details for Astellas.
2024-09-24 06:00:11,300 - INFO - Fetched 21 jobs for Astellas.
2024-09-24 06:00:11,301 - INFO - Fetching job details for Astrazeneca.
2024-09-24 06:00:13,682 - INFO - Fetched 21 jobs for Astrazeneca.
2024-09-24 06:00:13,683 - INFO - Fetching job details for Takeda.
2024-09-24 06:00:13,994 - INFO - Fetched 5 jobs for Takeda.
2024-09-24 06:00:13,996 - INFO - Fetching job details for Vle.
2024-09-24 06:00:14,251 - INFO - Fetched 2 jobs for Vle.
2024-09-24 06:00:14,252 - INFO - Completed fetching all job postings.
2024-09-24 06:00:14,259 - INFO - No new job postings found.
2024-09-24 06:00:14,261 - INFO - Job data updated successfully.
2024-09-24 07:00:02,834 - INFO - Starting to fetch all job postings.
2024-09-24 07:00:02,834 - INFO - Fetching job details for Abbvie.
2024-09-24 07:00:03,751 - INFO - Fetched 3 jobs for Abbvie.
2024-09-24 07:00:03,753 - INFO - Fetching job details for Amgen.
2024-09-24 07:00:04,682 - INFO - Fetched 13 jobs for Amgen.
2024-09-24 07:00:04,683 - INFO - Fetching job details for APC.
2024-09-24 07:00:04,934 - INFO - Fetched 5 jobs for APC.
2024-09-24 07:00:04,935 - INFO - Fetching job details for Astellas.
2024-09-24 07:00:10,243 - INFO - Fetched 21 jobs for Astellas.
2024-09-24 07:00:10,245 - INFO - Fetching job details for Astrazeneca.
2024-09-24 07:00:12,827 - INFO - Fetched 21 jobs for Astrazeneca.
2024-09-24 07:00:12,828 - INFO - Fetching job details for Takeda.
2024-09-24 07:00:13,102 - INFO - Fetched 5 jobs for Takeda.
2024-09-24 07:00:13,104 - INFO - Fetching job details for Vle.
2024-09-24 07:00:13,368 - INFO - Fetched 2 jobs for Vle.
2024-09-24 07:00:13,369 - INFO - Completed fetching all job postings.
2024-09-24 07:00:13,370 - INFO - No new job postings found.
2024-09-24 07:00:13,373 - INFO - Job data updated successfully.
2024-09-24 08:00:01,889 - INFO - Starting to fetch all job postings.
2024-09-24 08:00:01,889 - INFO - Fetching job details for Abbvie.
2024-09-24 08:00:02,738 - INFO - Fetched 3 jobs for Abbvie.
2024-09-24 08:00:02,739 - INFO - Fetching job details for Amgen.
2024-09-24 08:00:04,976 - INFO - Fetched 13 jobs for Amgen.
2024-09-24 08:00:04,978 - INFO - Fetching job details for APC.
2024-09-24 08:00:05,181 - INFO - Fetched 5 jobs for APC.
2024-09-24 08:00:05,182 - INFO - Fetching job details for Astellas.
2024-09-24 08:00:10,752 - INFO - Fetched 21 jobs for Astellas.
2024-09-24 08:00:10,753 - INFO - Fetching job details for Astrazeneca.
2024-09-24 08:00:11,448 - INFO - Fetched 21 jobs for Astrazeneca.
2024-09-24 08:00:11,450 - INFO - Fetching job details for Takeda.
2024-09-24 08:00:11,707 - INFO - Fetched 5 jobs for Takeda.
2024-09-24 08:00:11,709 - INFO - Fetching job details for Vle.
2024-09-24 08:00:11,936 - INFO - Fetched 2 jobs for Vle.
2024-09-24 08:00:11,938 - INFO - Completed fetching all job postings.
2024-09-24 08:00:11,944 - INFO - No new job postings found.
2024-09-24 08:00:11,946 - INFO - Job data updated successfully.
2024-09-24 09:00:02,246 - INFO - Starting to fetch all job postings.
2024-09-24 09:00:02,246 - INFO - Fetching job details for Abbvie.
2024-09-24 09:00:03,382 - INFO - Fetched 3 jobs for Abbvie.
2024-09-24 09:00:03,384 - INFO - Fetching job details for Amgen.
2024-09-24 09:00:06,624 - INFO - Fetched 13 jobs for Amgen.
2024-09-24 09:00:06,626 - INFO - Fetching job details for APC.
2024-09-24 09:00:06,844 - INFO - Fetched 5 jobs for APC.
2024-09-24 09:00:06,846 - INFO - Fetching job details for Astellas.
2024-09-24 09:00:12,574 - INFO - Fetched 21 jobs for Astellas.
2024-09-24 09:00:12,575 - INFO - Fetching job details for Astrazeneca.
2024-09-24 09:00:14,754 - INFO - Fetched 21 jobs for Astrazeneca.
2024-09-24 09:00:14,756 - INFO - Fetching job details for Takeda.
2024-09-24 09:00:15,015 - INFO - Fetched 5 jobs for Takeda.
2024-09-24 09:00:15,017 - INFO - Fetching job details for Vle.
2024-09-24 09:00:15,296 - INFO - Fetched 2 jobs for Vle.
2024-09-24 09:00:15,298 - INFO - Completed fetching all job postings.
2024-09-24 09:00:15,300 - INFO - No new job postings found.
2024-09-24 09:00:15,344 - INFO - Job data updated successfully.
2024-09-24 10:00:02,904 - INFO - Starting to fetch all job postings.
2024-09-24 10:00:02,904 - INFO - Fetching job details for Abbvie.
2024-09-24 10:00:03,855 - INFO - Fetched 3 jobs for Abbvie.
2024-09-24 10:00:03,857 - INFO - Fetching job details for Amgen.
2024-09-24 10:00:04,625 - INFO - Fetched 13 jobs for Amgen.
2024-09-24 10:00:04,626 - INFO - Fetching job details for APC.
2024-09-24 10:00:04,865 - INFO - Fetched 5 jobs for APC.
2024-09-24 10:00:04,866 - INFO - Fetching job details for Astellas.
2024-09-24 10:00:10,340 - INFO - Fetched 21 jobs for Astellas.
2024-09-24 10:00:10,342 - INFO - Fetching job details for Astrazeneca.
2024-09-24 10:00:11,216 - INFO - Fetched 21 jobs for Astrazeneca.
2024-09-24 10:00:11,218 - INFO - Fetching job details for Takeda.
2024-09-24 10:00:11,497 - INFO - Fetched 5 jobs for Takeda.
2024-09-24 10:00:11,498 - INFO - Fetching job details for Vle.
2024-09-24 10:00:11,748 - INFO - Fetched 2 jobs for Vle.
2024-09-24 10:00:11,750 - INFO - Completed fetching all job postings.
2024-09-24 10:00:11,757 - INFO - No new job postings found.
2024-09-24 10:00:11,759 - INFO - Job data updated successfully.
2024-09-24 11:00:02,311 - INFO - Starting to fetch all job postings.
2024-09-24 11:00:02,312 - INFO - Fetching job details for Abbvie.
2024-09-24 11:00:03,366 - INFO - Fetched 3 jobs for Abbvie.
2024-09-24 11:00:03,367 - INFO - Fetching job details for Amgen.
2024-09-24 11:00:06,810 - INFO - Fetched 13 jobs for Amgen.
2024-09-24 11:00:06,811 - INFO - Fetching job details for APC.
2024-09-24 11:00:07,060 - INFO - Fetched 5 jobs for APC.
2024-09-24 11:00:07,062 - INFO - Fetching job details for Astellas.
2024-09-24 11:00:12,552 - INFO - Fetched 22 jobs for Astellas.
2024-09-24 11:00:12,554 - INFO - Fetching job details for Astrazeneca.
2024-09-24 11:00:13,061 - INFO - Fetched 21 jobs for Astrazeneca.
2024-09-24 11:00:13,063 - INFO - Fetching job details for Takeda.
2024-09-24 11:00:14,208 - INFO - Fetched 5 jobs for Takeda.
2024-09-24 11:00:14,210 - INFO - Fetching job details for Vle.
2024-09-24 11:00:14,464 - INFO - Fetched 2 jobs for Vle.
2024-09-24 11:00:14,465 - INFO - Completed fetching all job postings.
2024-09-24 11:00:14,471 - INFO - New job postings found: 1 companies with new jobs.
2024-09-24 11:00:15,586 - INFO - Email sent successfully.
2024-09-24 11:00:15,587 - INFO - Astellas:
2024-09-24 11:00:15,587 - INFO - {
    "company": "Astellas",
    "title": "Lead, Therapeutic Area Oncology, Medical Affairs - Benelux & Ireland",
    "application url": "https://astellas.avature.net/en_GB/careers/JobDetail/Lead-TA-Oncology-MA-Benelux-Ireland/4785",
    "job portal link": "https://astellas.avature.net/en_GB/careers/SearchJobs/?1329=%5B180801%5D&1329_format=1348&listFilterMode=1&jobOffset=20"
}
2024-09-24 11:00:15,676 - INFO - Job data updated successfully.
2024-09-24 12:00:02,379 - INFO - Starting to fetch all job postings.
2024-09-24 12:00:02,380 - INFO - Fetching job details for Abbvie.
2024-09-24 12:00:03,332 - INFO - Fetched 3 jobs for Abbvie.
2024-09-24 12:00:03,334 - INFO - Fetching job details for Amgen.
2024-09-24 12:00:04,142 - INFO - Fetched 13 jobs for Amgen.
2024-09-24 12:00:04,144 - INFO - Fetching job details for APC.
2024-09-24 12:00:04,419 - INFO - Fetched 5 jobs for APC.
2024-09-24 12:00:04,421 - INFO - Fetching job details for Astellas.
2024-09-24 12:00:10,113 - INFO - Fetched 22 jobs for Astellas.
2024-09-24 12:00:10,115 - INFO - Fetching job details for Astrazeneca.
2024-09-24 12:00:12,441 - INFO - Fetched 21 jobs for Astrazeneca.
2024-09-24 12:00:12,443 - INFO - Fetching job details for Takeda.
2024-09-24 12:00:12,796 - INFO - Fetched 5 jobs for Takeda.
2024-09-24 12:00:12,797 - INFO - Fetching job details for Vle.
2024-09-24 12:00:13,040 - INFO - Fetched 2 jobs for Vle.
2024-09-24 12:00:13,042 - INFO - Completed fetching all job postings.
2024-09-24 12:00:13,043 - INFO - No new job postings found.
2024-09-24 12:00:13,044 - INFO - Job data updated successfully.
2024-09-24 13:00:02,423 - INFO - Starting to fetch all job postings.
2024-09-24 13:00:02,424 - INFO - Fetching job details for Abbvie.
2024-09-24 13:00:03,296 - INFO - Fetched 3 jobs for Abbvie.
2024-09-24 13:00:03,298 - INFO - Fetching job details for Amgen.
2024-09-24 13:00:04,391 - INFO - Fetched 13 jobs for Amgen.
2024-09-24 13:00:04,393 - INFO - Fetching job details for APC.
2024-09-24 13:00:04,733 - INFO - Fetched 5 jobs for APC.
2024-09-24 13:00:04,735 - INFO - Fetching job details for Astellas.
2024-09-24 13:00:10,974 - INFO - Fetched 22 jobs for Astellas.
2024-09-24 13:00:10,976 - INFO - Fetching job details for Astrazeneca.
2024-09-24 13:00:13,266 - INFO - Fetched 21 jobs for Astrazeneca.
2024-09-24 13:00:13,268 - INFO - Fetching job details for Takeda.
2024-09-24 13:00:14,334 - INFO - Fetched 5 jobs for Takeda.
2024-09-24 13:00:14,336 - INFO - Fetching job details for Vle.
2024-09-24 13:00:14,575 - INFO - Fetched 2 jobs for Vle.
2024-09-24 13:00:14,577 - INFO - Completed fetching all job postings.
2024-09-24 13:00:14,584 - INFO - No new job postings found.
2024-09-24 13:00:14,586 - INFO - Job data updated successfully.
2024-09-24 14:00:03,028 - INFO - Starting to fetch all job postings.
2024-09-24 14:00:03,028 - INFO - Fetching job details for Abbvie.
2024-09-24 14:00:04,026 - INFO - Fetched 3 jobs for Abbvie.
2024-09-24 14:00:04,029 - INFO - Fetching job details for Amgen.
2024-09-24 14:00:04,920 - INFO - Fetched 13 jobs for Amgen.
2024-09-24 14:00:04,922 - INFO - Fetching job details for APC.
2024-09-24 14:00:05,211 - INFO - Fetched 5 jobs for APC.
2024-09-24 14:00:05,213 - INFO - Fetching job details for Astellas.
2024-09-24 14:00:12,181 - INFO - Fetched 22 jobs for Astellas.
2024-09-24 14:00:12,189 - INFO - Fetching job details for Astrazeneca.
2024-09-24 14:00:14,341 - INFO - Fetched 21 jobs for Astrazeneca.
2024-09-24 14:00:14,342 - INFO - Fetching job details for Takeda.
2024-09-24 14:00:14,779 - INFO - Fetched 5 jobs for Takeda.
2024-09-24 14:00:14,781 - INFO - Fetching job details for Vle.
2024-09-24 14:00:15,005 - INFO - Fetched 2 jobs for Vle.
2024-09-24 14:00:15,007 - INFO - Completed fetching all job postings.
2024-09-24 14:00:15,010 - INFO - No new job postings found.
2024-09-24 14:00:15,052 - INFO - Job data updated successfully.
2024-09-24 15:00:02,601 - INFO - Starting to fetch all job postings.
2024-09-24 15:00:02,601 - INFO - Fetching job details for Abbvie.
2024-09-24 15:00:03,640 - INFO - Fetched 3 jobs for Abbvie.
2024-09-24 15:00:03,641 - INFO - Fetching job details for Amgen.
2024-09-24 15:00:04,601 - INFO - Fetched 13 jobs for Amgen.
2024-09-24 15:00:04,603 - INFO - Fetching job details for APC.
2024-09-24 15:00:04,861 - INFO - Fetched 5 jobs for APC.
2024-09-24 15:00:04,863 - INFO - Fetching job details for Astellas.
2024-09-24 15:00:10,862 - INFO - Fetched 22 jobs for Astellas.
2024-09-24 15:00:10,864 - INFO - Fetching job details for Astrazeneca.
2024-09-24 15:00:11,264 - INFO - Fetched 21 jobs for Astrazeneca.
2024-09-24 15:00:11,266 - INFO - Fetching job details for Takeda.
2024-09-24 15:00:11,549 - INFO - Fetched 5 jobs for Takeda.
2024-09-24 15:00:11,551 - INFO - Fetching job details for Vle.
2024-09-24 15:00:11,801 - INFO - Fetched 2 jobs for Vle.
2024-09-24 15:00:11,803 - INFO - Completed fetching all job postings.
2024-09-24 15:00:11,810 - INFO - No new job postings found.
2024-09-24 15:00:11,813 - INFO - Job data updated successfully.
2024-09-24 16:00:02,535 - INFO - Starting to fetch all job postings.
2024-09-24 16:00:02,535 - INFO - Fetching job details for Abbvie.
2024-09-24 16:00:03,651 - INFO - Fetched 3 jobs for Abbvie.
2024-09-24 16:00:03,653 - INFO - Fetching job details for Amgen.
2024-09-24 16:00:04,558 - INFO - Fetched 13 jobs for Amgen.
2024-09-24 16:00:04,560 - INFO - Fetching job details for APC.
2024-09-24 16:00:04,890 - INFO - Fetched 5 jobs for APC.
2024-09-24 16:00:04,892 - INFO - Fetching job details for Astellas.
2024-09-24 16:00:10,372 - INFO - Fetched 22 jobs for Astellas.
2024-09-24 16:00:10,374 - INFO - Fetching job details for Astrazeneca.
2024-09-24 16:00:10,950 - INFO - Fetched 21 jobs for Astrazeneca.
2024-09-24 16:00:10,952 - INFO - Fetching job details for Takeda.
2024-09-24 16:00:11,228 - INFO - Fetched 5 jobs for Takeda.
2024-09-24 16:00:11,233 - INFO - Fetching job details for Vle.
2024-09-24 16:00:11,486 - INFO - Fetched 2 jobs for Vle.
2024-09-24 16:00:11,488 - INFO - Completed fetching all job postings.
2024-09-24 16:00:11,495 - INFO - No new job postings found.
2024-09-24 16:00:11,498 - INFO - Job data updated successfully.
2024-09-24 17:00:02,546 - INFO - Starting to fetch all job postings.
2024-09-24 17:00:02,546 - INFO - Fetching job details for Abbvie.
2024-09-24 17:00:03,489 - INFO - Fetched 3 jobs for Abbvie.
2024-09-24 17:00:03,491 - INFO - Fetching job details for Amgen.
2024-09-24 17:00:05,910 - INFO - Fetched 13 jobs for Amgen.
2024-09-24 17:00:05,911 - INFO - Fetching job details for APC.
2024-09-24 17:00:06,146 - INFO - Fetched 5 jobs for APC.
2024-09-24 17:00:06,147 - INFO - Fetching job details for Astellas.
2024-09-24 17:00:12,267 - INFO - Fetched 22 jobs for Astellas.
2024-09-24 17:00:12,269 - INFO - Fetching job details for Astrazeneca.
2024-09-24 17:00:14,852 - INFO - Fetched 21 jobs for Astrazeneca.
2024-09-24 17:00:14,854 - INFO - Fetching job details for Takeda.
2024-09-24 17:00:15,968 - INFO - Fetched 5 jobs for Takeda.
2024-09-24 17:00:15,969 - INFO - Fetching job details for Vle.
2024-09-24 17:00:16,212 - INFO - Fetched 2 jobs for Vle.
2024-09-24 17:00:16,213 - INFO - Completed fetching all job postings.
2024-09-24 17:00:16,220 - INFO - No new job postings found.
2024-09-24 17:00:16,223 - INFO - Job data updated successfully.
2024-09-24 18:00:03,231 - INFO - Starting to fetch all job postings.
2024-09-24 18:00:03,232 - INFO - Fetching job details for Abbvie.
2024-09-24 18:00:04,111 - INFO - Fetched 3 jobs for Abbvie.
2024-09-24 18:00:04,112 - INFO - Fetching job details for Amgen.
2024-09-24 18:00:05,046 - INFO - Fetched 13 jobs for Amgen.
2024-09-24 18:00:05,048 - INFO - Fetching job details for APC.
2024-09-24 18:00:05,436 - INFO - Fetched 5 jobs for APC.
2024-09-24 18:00:05,437 - INFO - Fetching job details for Astellas.
2024-09-24 18:00:11,399 - INFO - Fetched 22 jobs for Astellas.
2024-09-24 18:00:11,400 - INFO - Fetching job details for Astrazeneca.
2024-09-24 18:00:13,990 - INFO - Fetched 21 jobs for Astrazeneca.
2024-09-24 18:00:13,992 - INFO - Fetching job details for Takeda.
2024-09-24 18:00:14,424 - INFO - Fetched 5 jobs for Takeda.
2024-09-24 18:00:14,426 - INFO - Fetching job details for Vle.
2024-09-24 18:00:14,674 - INFO - Fetched 2 jobs for Vle.
2024-09-24 18:00:14,675 - INFO - Completed fetching all job postings.
2024-09-24 18:00:14,682 - INFO - No new job postings found.
2024-09-24 18:00:14,685 - INFO - Job data updated successfully.
2024-09-24 19:00:02,651 - INFO - Starting to fetch all job postings.
2024-09-24 19:00:02,651 - INFO - Fetching job details for Abbvie.
2024-09-24 19:00:03,556 - INFO - Fetched 3 jobs for Abbvie.
2024-09-24 19:00:03,558 - INFO - Fetching job details for Amgen.
2024-09-24 19:00:06,215 - INFO - Fetched 13 jobs for Amgen.
2024-09-24 19:00:06,216 - INFO - Fetching job details for APC.
2024-09-24 19:00:06,441 - INFO - Fetched 5 jobs for APC.
2024-09-24 19:00:06,443 - INFO - Fetching job details for Astellas.
2024-09-24 19:00:11,856 - INFO - Fetched 22 jobs for Astellas.
2024-09-24 19:00:11,857 - INFO - Fetching job details for Astrazeneca.
2024-09-24 19:00:12,619 - INFO - Fetched 21 jobs for Astrazeneca.
2024-09-24 19:00:12,620 - INFO - Fetching job details for Takeda.
2024-09-24 19:00:13,726 - INFO - Fetched 5 jobs for Takeda.
2024-09-24 19:00:13,727 - INFO - Fetching job details for Vle.
2024-09-24 19:00:14,011 - INFO - Fetched 2 jobs for Vle.
2024-09-24 19:00:14,013 - INFO - Completed fetching all job postings.
2024-09-24 19:00:14,020 - INFO - No new job postings found.
2024-09-24 19:00:14,023 - INFO - Job data updated successfully.
2024-09-24 20:00:02,385 - INFO - Starting to fetch all job postings.
2024-09-24 20:00:02,385 - INFO - Fetching job details for Abbvie.
2024-09-24 20:00:03,341 - INFO - Fetched 3 jobs for Abbvie.
2024-09-24 20:00:03,343 - INFO - Fetching job details for Amgen.
2024-09-24 20:00:04,403 - INFO - Fetched 13 jobs for Amgen.
2024-09-24 20:00:04,404 - INFO - Fetching job details for APC.
2024-09-24 20:00:04,669 - INFO - Fetched 5 jobs for APC.
2024-09-24 20:00:04,670 - INFO - Fetching job details for Astellas.
2024-09-24 20:00:10,077 - INFO - Fetched 22 jobs for Astellas.
2024-09-24 20:00:10,078 - INFO - Fetching job details for Astrazeneca.
2024-09-24 20:00:12,473 - INFO - Fetched 21 jobs for Astrazeneca.
2024-09-24 20:00:12,475 - INFO - Fetching job details for Takeda.
2024-09-24 20:00:12,882 - INFO - Fetched 5 jobs for Takeda.
2024-09-24 20:00:12,884 - INFO - Fetching job details for Vle.
2024-09-24 20:00:13,132 - INFO - Fetched 2 jobs for Vle.
2024-09-24 20:00:13,134 - INFO - Completed fetching all job postings.
2024-09-24 20:00:13,140 - INFO - No new job postings found.
2024-09-24 20:00:13,143 - INFO - Job data updated successfully.
2024-09-24 21:00:02,234 - INFO - Starting to fetch all job postings.
2024-09-24 21:00:02,235 - INFO - Fetching job details for Abbvie.
2024-09-24 21:00:03,141 - INFO - Fetched 3 jobs for Abbvie.
2024-09-24 21:00:03,143 - INFO - Fetching job details for Amgen.
2024-09-24 21:00:03,903 - INFO - Fetched 13 jobs for Amgen.
2024-09-24 21:00:03,905 - INFO - Fetching job details for APC.
2024-09-24 21:00:04,161 - INFO - Fetched 5 jobs for APC.
2024-09-24 21:00:04,162 - INFO - Fetching job details for Astellas.
2024-09-24 21:00:09,890 - INFO - Fetched 22 jobs for Astellas.
2024-09-24 21:00:09,891 - INFO - Fetching job details for Astrazeneca.
2024-09-24 21:00:12,996 - INFO - Fetched 21 jobs for Astrazeneca.
2024-09-24 21:00:12,998 - INFO - Fetching job details for Takeda.
2024-09-24 21:00:13,383 - INFO - Fetched 5 jobs for Takeda.
2024-09-24 21:00:13,384 - INFO - Fetching job details for Vle.
2024-09-24 21:00:13,659 - INFO - Fetched 2 jobs for Vle.
2024-09-24 21:00:13,660 - INFO - Completed fetching all job postings.
2024-09-24 21:00:13,667 - INFO - No new job postings found.
2024-09-24 21:00:13,669 - INFO - Job data updated successfully.
2024-09-24 22:00:02,273 - INFO - Starting to fetch all job postings.
2024-09-24 22:00:02,273 - INFO - Fetching job details for Abbvie.
2024-09-24 22:00:03,102 - INFO - Fetched 3 jobs for Abbvie.
2024-09-24 22:00:03,104 - INFO - Fetching job details for Amgen.
2024-09-24 22:00:03,883 - INFO - Fetched 13 jobs for Amgen.
2024-09-24 22:00:03,884 - INFO - Fetching job details for APC.
2024-09-24 22:00:04,131 - INFO - Fetched 5 jobs for APC.
2024-09-24 22:00:04,133 - INFO - Fetching job details for Astellas.
2024-09-24 22:00:09,422 - INFO - Fetched 22 jobs for Astellas.
2024-09-24 22:00:09,424 - INFO - Fetching job details for Astrazeneca.
2024-09-24 22:00:10,593 - INFO - Fetched 21 jobs for Astrazeneca.
2024-09-24 22:00:10,594 - INFO - Fetching job details for Takeda.
2024-09-24 22:00:10,902 - INFO - Fetched 5 jobs for Takeda.
2024-09-24 22:00:10,903 - INFO - Fetching job details for Vle.
2024-09-24 22:00:11,127 - INFO - Fetched 2 jobs for Vle.
2024-09-24 22:00:11,128 - INFO - Completed fetching all job postings.
2024-09-24 22:00:11,135 - INFO - No new job postings found.
2024-09-24 22:00:11,138 - INFO - Job data updated successfully.
2024-09-24 23:00:02,514 - INFO - Starting to fetch all job postings.
2024-09-24 23:00:02,514 - INFO - Fetching job details for Abbvie.
2024-09-24 23:00:03,447 - INFO - Fetched 3 jobs for Abbvie.
2024-09-24 23:00:03,449 - INFO - Fetching job details for Amgen.
2024-09-24 23:00:04,430 - INFO - Fetched 13 jobs for Amgen.
2024-09-24 23:00:04,431 - INFO - Fetching job details for APC.
2024-09-24 23:00:04,656 - INFO - Fetched 5 jobs for APC.
2024-09-24 23:00:04,657 - INFO - Fetching job details for Astellas.
2024-09-24 23:00:10,173 - INFO - Fetched 22 jobs for Astellas.
2024-09-24 23:00:10,175 - INFO - Fetching job details for Astrazeneca.
2024-09-24 23:00:12,860 - INFO - Fetched 21 jobs for Astrazeneca.
2024-09-24 23:00:12,861 - INFO - Fetching job details for Takeda.
2024-09-24 23:00:13,989 - INFO - Fetched 5 jobs for Takeda.
2024-09-24 23:00:13,990 - INFO - Fetching job details for Vle.
2024-09-24 23:00:14,240 - INFO - Fetched 2 jobs for Vle.
2024-09-24 23:00:14,241 - INFO - Completed fetching all job postings.
2024-09-24 23:00:14,248 - INFO - No new job postings found.
2024-09-24 23:00:14,251 - INFO - Job data updated successfully.
2024-09-25 00:00:02,276 - INFO - Starting to fetch all job postings.
2024-09-25 00:00:02,277 - INFO - Fetching job details for Abbvie.
2024-09-25 00:00:03,192 - INFO - Fetched 3 jobs for Abbvie.
2024-09-25 00:00:03,194 - INFO - Fetching job details for Amgen.
2024-09-25 00:00:05,919 - INFO - Fetched 13 jobs for Amgen.
2024-09-25 00:00:05,921 - INFO - Fetching job details for APC.
2024-09-25 00:00:06,143 - INFO - Fetched 5 jobs for APC.
2024-09-25 00:00:06,145 - INFO - Fetching job details for Astellas.
2024-09-25 00:00:11,500 - INFO - Fetched 22 jobs for Astellas.
2024-09-25 00:00:11,501 - INFO - Fetching job details for Astrazeneca.
2024-09-25 00:00:13,840 - INFO - Fetched 21 jobs for Astrazeneca.
2024-09-25 00:00:13,842 - INFO - Fetching job details for Takeda.
2024-09-25 00:00:14,177 - INFO - Fetched 5 jobs for Takeda.
2024-09-25 00:00:14,179 - INFO - Fetching job details for Vle.
2024-09-25 00:00:14,442 - INFO - Fetched 2 jobs for Vle.
2024-09-25 00:00:14,444 - INFO - Completed fetching all job postings.
2024-09-25 00:00:14,451 - INFO - No new job postings found.
2024-09-25 00:00:14,453 - INFO - Job data updated successfully.
